<?xml version="1.0" encoding="UTF-8"?>
<!-- Generated by org.testng.reporters.JUnitReportReporter -->
<testsuite skipped="0" hostname="msi-l907" name="MavenFramework.AppTest" tests="1" failures="0" timestamp="29 Apr 2019 11:27:12 GMT" time="54.368" errors="0">
  <testcase name="OpenMRC" time="54.368" classname="MavenFramework.AppTest"/>
</testsuite> <!-- MavenFramework.AppTest -->
