<?xml version="1.0" encoding="UTF-8"?>
<!-- Generated by org.testng.reporters.JUnitReportReporter -->
<testsuite skipped="0" hostname="msi-l907" name="MavenFramework.CreateCycle2" tests="1" failures="0" timestamp="09 Jan 2019 08:02:35 GMT" time="398.404" errors="0">
  <testcase name="CreateCycleFlow" time="398.404" classname="MavenFramework.CreateCycle2"/>
</testsuite> <!-- MavenFramework.CreateCycle2 -->
