<?xml version="1.0" encoding="UTF-8"?>
<!-- Generated by org.testng.reporters.JUnitReportReporter -->
<testsuite skipped="0" hostname="msi-l907" name="MavenFramework.CreateCycle" tests="30" failures="0" timestamp="25 Apr 2019 10:03:20 GMT" time="403.600" errors="0">
  <testcase name="LoginApplication" time="10.463" classname="MavenFramework.CreateCycle"/>
  <testcase name="EnterCycleName" time="17.029" classname="MavenFramework.CreateCycle"/>
  <testcase name="EnterRTFData" time="24.930" classname="MavenFramework.CreateCycle"/>
  <testcase name="SelectComplianceDomain" time="15.708" classname="MavenFramework.CreateCycle"/>
  <testcase name="SelectOrganizationArea" time="15.303" classname="MavenFramework.CreateCycle"/>
  <testcase name="SelectApplicableTechnology" time="15.340" classname="MavenFramework.CreateCycle"/>
  <testcase name="SelectMRC" time="17.231" classname="MavenFramework.CreateCycle"/>
  <testcase name="SelectOwner" time="20.946" classname="MavenFramework.CreateCycle"/>
  <testcase name="SelectRestricdropDown" time="10.643" classname="MavenFramework.CreateCycle"/>
  <testcase name="SelectActionDropDown" time="10.545" classname="MavenFramework.CreateCycle"/>
  <testcase name="EnterCommentText" time="10.948" classname="MavenFramework.CreateCycle"/>
  <testcase name="EnterValidFromDate" time="11.051" classname="MavenFramework.CreateCycle"/>
  <testcase name="EnterUntillDate" time="12.944" classname="MavenFramework.CreateCycle"/>
  <testcase name="SaveForm" time="2.843" classname="MavenFramework.CreateCycle"/>
  <testcase name="SaveDraftForm" time="10.506" classname="MavenFramework.CreateCycle"/>
  <testcase name="SelectMyTask3" time="23.746" classname="MavenFramework.CreateCycle"/>
  <testcase name="SubmitForm" time="6.813" classname="MavenFramework.CreateCycle"/>
  <testcase name="EnterWithApprover" time="2.378" classname="MavenFramework.CreateCycle"/>
  <testcase name="RequestForClarification" time="31.357" classname="MavenFramework.CreateCycle"/>
  <testcase name="EnterCommentText1" time="11.094" classname="MavenFramework.CreateCycle"/>
  <testcase name="SubmitForm2" time="9.828" classname="MavenFramework.CreateCycle"/>
  <testcase name="EnterWithClarifier" time="4.880" classname="MavenFramework.CreateCycle"/>
  <testcase name="Clarification" time="31.455" classname="MavenFramework.CreateCycle"/>
  <testcase name="EnterCommentText11" time="11.047" classname="MavenFramework.CreateCycle"/>
  <testcase name="SubmitForm3" time="9.916" classname="MavenFramework.CreateCycle"/>
  <testcase name="Approve" time="2.998" classname="MavenFramework.CreateCycle"/>
  <testcase name="SelectMyTask2" time="20.903" classname="MavenFramework.CreateCycle"/>
  <testcase name="Clarification2" time="10.494" classname="MavenFramework.CreateCycle"/>
  <testcase name="EnterCommentText12" time="11.035" classname="MavenFramework.CreateCycle"/>
  <testcase name="SubmitForm4" time="9.226" classname="MavenFramework.CreateCycle"/>
</testsuite> <!-- MavenFramework.CreateCycle -->
