<?xml version="1.0" encoding="UTF-8"?>
<!-- Generated by org.testng.reporters.JUnitReportReporter -->
<testsuite skipped="0" hostname="msi-l907" name="MavenFramework.CreateObjective" tests="1" failures="0" timestamp="24 Apr 2019 12:05:53 GMT" time="199.558" errors="0">
  <testcase name="LoginApplication" time="199.558" classname="MavenFramework.CreateObjective"/>
</testsuite> <!-- MavenFramework.CreateObjective -->
