<?xml version="1.0" encoding="UTF-8"?>
<!-- Generated by org.testng.reporters.JUnitReportReporter -->
<testsuite skipped="0" hostname="msi-l907" name="MavenFramework.ProcessListReport" tests="17" failures="1" timestamp="24 Apr 2019 12:05:53 GMT" time="84.518" errors="0">
  <testcase name="LoginApplication" time="7.392" classname="MavenFramework.ProcessListReport"/>
  <testcase name="OpenProcessReport" time="8.233" classname="MavenFramework.ProcessListReport"/>
  <testcase name="ExpandReport" time="10.453" classname="MavenFramework.ProcessListReport"/>
  <testcase name="EnterCycleFilterData" time="3.502" classname="MavenFramework.ProcessListReport"/>
  <testcase name="EnterProcessFilterData" time="3.043" classname="MavenFramework.ProcessListReport"/>
  <testcase name="GenerateReport" time="6.772" classname="MavenFramework.ProcessListReport"/>
  <testcase name="VerifyCycleNameColumn" time="3.173" classname="MavenFramework.ProcessListReport"/>
  <testcase name="VerifyAreaColumn" time="0.193" classname="MavenFramework.ProcessListReport"/>
  <testcase name="VerifyProcessNameColumn" time="0.229" classname="MavenFramework.ProcessListReport"/>
  <testcase name="VerifyOwnerOrgColumn" time="0.196" classname="MavenFramework.ProcessListReport">
    <failure type="java.lang.AssertionError" message="The report shows PROC-10000176 But Expected data is : MRC-9951 expected [false] but found [true]">
      <![CDATA[java.lang.AssertionError: The report shows PROC-10000176 But Expected data is : MRC-9951 expected [false] but found [true]
at org.testng.Assert.fail(Assert.java:96)
at org.testng.Assert.failNotEquals(Assert.java:776)
at org.testng.Assert.assertFalse(Assert.java:65)
at MavenFramework.ProcessListReport.VerifyOwnerOrgColumn(ProcessListReport.java:195)
at sun.reflect.NativeMethodAccessorImpl.invoke0(Native Method)
at sun.reflect.NativeMethodAccessorImpl.invoke(NativeMethodAccessorImpl.java:62)
at sun.reflect.DelegatingMethodAccessorImpl.invoke(DelegatingMethodAccessorImpl.java:43)
at java.lang.reflect.Method.invoke(Method.java:483)
at org.testng.internal.MethodInvocationHelper.invokeMethod(MethodInvocationHelper.java:124)
at org.testng.internal.Invoker.invokeMethod(Invoker.java:583)
at org.testng.internal.Invoker.invokeTestMethod(Invoker.java:719)
at org.testng.internal.Invoker.invokeTestMethods(Invoker.java:989)
at org.testng.internal.TestMethodWorker.invokeTestMethods(TestMethodWorker.java:125)
at org.testng.internal.TestMethodWorker.run(TestMethodWorker.java:109)
at org.testng.TestRunner.privateRun(TestRunner.java:648)
at org.testng.TestRunner.run(TestRunner.java:505)
at org.testng.SuiteRunner.runTest(SuiteRunner.java:455)
at org.testng.SuiteRunner.runSequentially(SuiteRunner.java:450)
at org.testng.SuiteRunner.privateRun(SuiteRunner.java:415)
at org.testng.SuiteRunner.run(SuiteRunner.java:364)
at org.testng.SuiteRunnerWorker.runSuite(SuiteRunnerWorker.java:52)
at org.testng.SuiteRunnerWorker.run(SuiteRunnerWorker.java:84)
at org.testng.TestNG.runSuitesSequentially(TestNG.java:1208)
at org.testng.TestNG.runSuitesLocally(TestNG.java:1137)
at org.testng.TestNG.runSuites(TestNG.java:1049)
at org.testng.TestNG.run(TestNG.java:1017)
at org.testng.remote.AbstractRemoteTestNG.run(AbstractRemoteTestNG.java:114)
at org.testng.remote.RemoteTestNG.initAndRun(RemoteTestNG.java:251)
at org.testng.remote.RemoteTestNG.main(RemoteTestNG.java:77)
]]>
    </failure>
  </testcase> <!-- VerifyOwnerOrgColumn -->
  <testcase name="VerifyOwnerColumn" time="0.178" classname="MavenFramework.ProcessListReport"/>
  <testcase name="ClearAllReport" time="6.480" classname="MavenFramework.ProcessListReport"/>
  <testcase name="GenerateAllDataReport" time="9.613" classname="MavenFramework.ProcessListReport"/>
  <testcase name="ReportDataCount" time="6.135" classname="MavenFramework.ProcessListReport"/>
  <testcase name="ExportExcel" time="5.896" classname="MavenFramework.ProcessListReport"/>
  <testcase name="ExportCSV" time="12.895" classname="MavenFramework.ProcessListReport"/>
  <testcase name="CloseReport" time="0.135" classname="MavenFramework.ProcessListReport"/>
</testsuite> <!-- MavenFramework.ProcessListReport -->
