<?xml version="1.0" encoding="UTF-8"?>
<!-- Generated by org.testng.reporters.JUnitReportReporter -->
<testsuite skipped="0" hostname="msi-l907" name="MavenFramework.AddMRCForm" tests="1" failures="0" timestamp="24 Apr 2019 12:05:53 GMT" time="51.938" errors="0">
  <testcase name="LoginApplication" time="51.938" classname="MavenFramework.AddMRCForm"/>
</testsuite> <!-- MavenFramework.AddMRCForm -->
