<?xml version="1.0" encoding="UTF-8"?>
<!-- Generated by org.testng.reporters.JUnitReportReporter -->
<testsuite skipped="0" hostname="msi-l907" name="MavenFramework.CreateProcess" tests="11" failures="0" timestamp="24 Apr 2019 12:05:53 GMT" time="185.295" errors="0">
  <testcase name="LoginApplication" time="9.995" classname="MavenFramework.CreateProcess"/>
  <testcase name="EnterProcessName" time="17.982" classname="MavenFramework.CreateProcess"/>
  <testcase name="EnterDescriptionData" time="32.090" classname="MavenFramework.CreateProcess"/>
  <testcase name="SelectCycleName" time="18.306" classname="MavenFramework.CreateProcess"/>
  <testcase name="SelectOwnerOrg" time="14.827" classname="MavenFramework.CreateProcess"/>
  <testcase name="SelectOwner" time="18.728" classname="MavenFramework.CreateProcess"/>
  <testcase name="SelectRestricdropDown" time="10.522" classname="MavenFramework.CreateProcess"/>
  <testcase name="SelectActionDropDown" time="10.577" classname="MavenFramework.CreateProcess"/>
  <testcase name="SubmitForm" time="9.171" classname="MavenFramework.CreateProcess"/>
  <testcase name="EnterWithOwner" time="33.504" classname="MavenFramework.CreateProcess"/>
  <testcase name="SubmitForm2" time="9.593" classname="MavenFramework.CreateProcess"/>
</testsuite> <!-- MavenFramework.CreateProcess -->
